<?xml version="1.0" encoding="UTF-8"?>
<testng-results ignored="0" total="1" passed="1" failed="0" skipped="0">
  <reporter-output>
  </reporter-output>
  <suite started-at="2022-11-26T17:59:21 TRT" name="Default suite" finished-at="2022-11-26T17:59:21 TRT" duration-ms="49">
    <groups>
    </groups>
    <test started-at="2022-11-26T17:59:21 TRT" name="Default test" finished-at="2022-11-26T17:59:21 TRT" duration-ms="49">
      <class name="lessonTwoSelenium.test1">
        <test-method signature="regular()[pri:0, instance:lessonTwoSelenium.test1@71238fc2]" started-at="2022-11-26T17:59:21 TRT" name="regular" finished-at="2022-11-26T17:59:21 TRT" duration-ms="9" status="PASS">
          <reporter-output>
          </reporter-output>
        </test-method> <!-- regular -->
      </class> <!-- lessonTwoSelenium.test1 -->
    </test> <!-- Default test -->
  </suite> <!-- Default suite -->
</testng-results>
