<?xml version="1.0" encoding="UTF-8"?>
<testng-results ignored="0" total="1" passed="1" failed="0" skipped="0">
  <reporter-output>
  </reporter-output>
  <suite started-at="2022-11-26T23:14:45 TRT" name="Default suite" finished-at="2022-11-26T23:14:45 TRT" duration-ms="54">
    <groups>
    </groups>
    <test started-at="2022-11-26T23:14:45 TRT" name="Default test" finished-at="2022-11-26T23:14:45 TRT" duration-ms="54">
      <class name="lessonTwoSelenium.test1">
        <test-method signature="streamMap()[pri:0, instance:lessonTwoSelenium.test1@16a0ee18]" started-at="2022-11-26T23:14:45 TRT" name="streamMap" finished-at="2022-11-26T23:14:45 TRT" duration-ms="14" status="PASS">
          <reporter-output>
          </reporter-output>
        </test-method> <!-- streamMap -->
      </class> <!-- lessonTwoSelenium.test1 -->
    </test> <!-- Default test -->
  </suite> <!-- Default suite -->
</testng-results>
